W tensorflow/core/kernels/batch_norm_op.cc:36] Op is deprecated. It will cease to work in GraphDef version 9. Use tf.nn.batch_normalization().
W tensorflow/core/kernels/batch_norm_op.cc:36] Op is deprecated. It will cease to work in GraphDef version 9. Use tf.nn.batch_normalization().
W tensorflow/core/kernels/batch_norm_op.cc:36] Op is deprecated. It will cease to work in GraphDef version 9. Use tf.nn.batch_normalization().
W tensorflow/core/kernels/batch_norm_op.cc:36] Op is deprecated. It will cease to work in GraphDef version 9. Use tf.nn.batch_normalization().
W tensorflow/core/kernels/batch_norm_op.cc:36] Op is deprecated. It will cease to work in GraphDef version 9. Use tf.nn.batch_normalization().
W tensorflow/core/kernels/batch_norm_op.cc:36] Op is deprecated. It will cease to work in GraphDef version 9. Use tf.nn.batch_normalization().
W tensorflow/core/kernels/batch_norm_op.cc:36] Op is deprecated. It will cease to work in GraphDef version 9. Use tf.nn.batch_normalization().
W tensorflow/core/kernels/batch_norm_op.cc:36] Op is deprecated. It will cease to work in GraphDef version 9. Use tf.nn.batch_normalization().
W tensorflow/core/kernels/batch_norm_op.cc:36] Op is deprecated. It will cease to work in GraphDef version 9. Use tf.nn.batch_normalization().
W tensorflow/core/kernels/batch_norm_op.cc:36] Op is deprecated. It will cease to work in GraphDef version 9. Use tf.nn.batch_normalization().
W tensorflow/core/kernels/batch_norm_op.cc:36] Op is deprecated. It will cease to work in GraphDef version 9. Use tf.nn.batch_normalization().
W tensorflow/core/kernels/batch_norm_op.cc:36] Op is deprecated. It will cease to work in GraphDef version 9. Use tf.nn.batch_normalization().
W tensorflow/core/kernels/batch_norm_op.cc:36] Op is deprecated. It will cease to work in GraphDef version 9. Use tf.nn.batch_normalization().
W tensorflow/core/kernels/batch_norm_op.cc:36] Op is deprecated. It will cease to work in GraphDef version 9. Use tf.nn.batch_normalization().
W tensorflow/core/kernels/batch_norm_op.cc:36] Op is deprecated. It will cease to work in GraphDef version 9. Use tf.nn.batch_normalization().
W tensorflow/core/kernels/batch_norm_op.cc:36] Op is deprecated. It will cease to work in GraphDef version 9. Use tf.nn.batch_normalization().
W tensorflow/core/kernels/batch_norm_op.cc:36] Op is deprecated. It will cease to work in GraphDef version 9. Use tf.nn.batch_normalization().
W tensorflow/core/kernels/batch_norm_op.cc:36] Op is deprecated. It will cease to work in GraphDef version 9. Use tf.nn.batch_normalization().
W tensorflow/core/kernels/batch_norm_op.cc:36] Op is deprecated. It will cease to work in GraphDef version 9. Use tf.nn.batch_normalization().
W tensorflow/core/kernels/batch_norm_op.cc:36] Op is deprecated. It will cease to work in GraphDef version 9. Use tf.nn.batch_normalization().
W tensorflow/core/kernels/batch_norm_op.cc:36] Op is deprecated. It will cease to work in GraphDef version 9. Use tf.nn.batch_normalization().
W tensorflow/core/kernels/batch_norm_op.cc:36] Op is deprecated. It will cease to work in GraphDef version 9. Use tf.nn.batch_normalization().
W tensorflow/core/kernels/batch_norm_op.cc:36] Op is deprecated. It will cease to work in GraphDef version 9. Use tf.nn.batch_normalization().
W tensorflow/core/kernels/batch_norm_op.cc:36] Op is deprecated. It will cease to work in GraphDef version 9. Use tf.nn.batch_normalization().
W tensorflow/core/kernels/batch_norm_op.cc:36] Op is deprecated. It will cease to work in GraphDef version 9. Use tf.nn.batch_normalization().
W tensorflow/core/kernels/batch_norm_op.cc:36] Op is deprecated. It will cease to work in GraphDef version 9. Use tf.nn.batch_normalization().
W tensorflow/core/kernels/batch_norm_op.cc:36] Op is deprecated. It will cease to work in GraphDef version 9. Use tf.nn.batch_normalization().
W tensorflow/core/kernels/batch_norm_op.cc:36] Op is deprecated. It will cease to work in GraphDef version 9. Use tf.nn.batch_normalization().
W tensorflow/core/kernels/batch_norm_op.cc:36] Op is deprecated. It will cease to work in GraphDef version 9. Use tf.nn.batch_normalization().
W tensorflow/core/kernels/batch_norm_op.cc:36] Op is deprecated. It will cease to work in GraphDef version 9. Use tf.nn.batch_normalization().
W tensorflow/core/kernels/batch_norm_op.cc:36] Op is deprecated. It will cease to work in GraphDef version 9. Use tf.nn.batch_normalization().
W tensorflow/core/kernels/batch_norm_op.cc:36] Op is deprecated. It will cease to work in GraphDef version 9. Use tf.nn.batch_normalization().
W tensorflow/core/kernels/batch_norm_op.cc:36] Op is deprecated. It will cease to work in GraphDef version 9. Use tf.nn.batch_normalization().
W tensorflow/core/kernels/batch_norm_op.cc:36] Op is deprecated. It will cease to work in GraphDef version 9. Use tf.nn.batch_normalization().
W tensorflow/core/kernels/batch_norm_op.cc:36] Op is deprecated. It will cease to work in GraphDef version 9. Use tf.nn.batch_normalization().
W tensorflow/core/kernels/batch_norm_op.cc:36] Op is deprecated. It will cease to work in GraphDef version 9. Use tf.nn.batch_normalization().
W tensorflow/core/kernels/batch_norm_op.cc:36] Op is deprecated. It will cease to work in GraphDef version 9. Use tf.nn.batch_normalization().
W tensorflow/core/kernels/batch_norm_op.cc:36] Op is deprecated. It will cease to work in GraphDef version 9. Use tf.nn.batch_normalization().
W tensorflow/core/kernels/batch_norm_op.cc:36] Op is deprecated. It will cease to work in GraphDef version 9. Use tf.nn.batch_normalization().
W tensorflow/core/kernels/batch_norm_op.cc:36] Op is deprecated. It will cease to work in GraphDef version 9. Use tf.nn.batch_normalization().
W tensorflow/core/kernels/batch_norm_op.cc:36] Op is deprecated. It will cease to work in GraphDef version 9. Use tf.nn.batch_normalization().
W tensorflow/core/kernels/batch_norm_op.cc:36] Op is deprecated. It will cease to work in GraphDef version 9. Use tf.nn.batch_normalization().
W tensorflow/core/kernels/batch_norm_op.cc:36] Op is deprecated. It will cease to work in GraphDef version 9. Use tf.nn.batch_normalization().
W tensorflow/core/kernels/batch_norm_op.cc:36] Op is deprecated. It will cease to work in GraphDef version 9. Use tf.nn.batch_normalization().
W tensorflow/core/kernels/batch_norm_op.cc:36] Op is deprecated. It will cease to work in GraphDef version 9. Use tf.nn.batch_normalization().
W tensorflow/core/kernels/batch_norm_op.cc:36] Op is deprecated. It will cease to work in GraphDef version 9. Use tf.nn.batch_normalization().
W tensorflow/core/kernels/batch_norm_op.cc:36] Op is deprecated. It will cease to work in GraphDef version 9. Use tf.nn.batch_normalization().
W tensorflow/core/kernels/batch_norm_op.cc:36] Op is deprecated. It will cease to work in GraphDef version 9. Use tf.nn.batch_normalization().
W tensorflow/core/kernels/batch_norm_op.cc:36] Op is deprecated. It will cease to work in GraphDef version 9. Use tf.nn.batch_normalization().
W tensorflow/core/kernels/batch_norm_op.cc:36] Op is deprecated. It will cease to work in GraphDef version 9. Use tf.nn.batch_normalization().
W tensorflow/core/kernels/batch_norm_op.cc:36] Op is deprecated. It will cease to work in GraphDef version 9. Use tf.nn.batch_normalization().
W tensorflow/core/kernels/batch_norm_op.cc:36] Op is deprecated. It will cease to work in GraphDef version 9. Use tf.nn.batch_normalization().
W tensorflow/core/kernels/batch_norm_op.cc:36] Op is deprecated. It will cease to work in GraphDef version 9. Use tf.nn.batch_normalization().
W tensorflow/core/kernels/batch_norm_op.cc:36] Op is deprecated. It will cease to work in GraphDef version 9. Use tf.nn.batch_normalization().
W tensorflow/core/kernels/batch_norm_op.cc:36] Op is deprecated. It will cease to work in GraphDef version 9. Use tf.nn.batch_normalization().
W tensorflow/core/kernels/batch_norm_op.cc:36] Op is deprecated. It will cease to work in GraphDef version 9. Use tf.nn.batch_normalization().
W tensorflow/core/kernels/batch_norm_op.cc:36] Op is deprecated. It will cease to work in GraphDef version 9. Use tf.nn.batch_normalization().
W tensorflow/core/kernels/batch_norm_op.cc:36] Op is deprecated. It will cease to work in GraphDef version 9. Use tf.nn.batch_normalization().
W tensorflow/core/kernels/batch_norm_op.cc:36] Op is deprecated. It will cease to work in GraphDef version 9. Use tf.nn.batch_normalization().
W tensorflow/core/kernels/batch_norm_op.cc:36] Op is deprecated. It will cease to work in GraphDef version 9. Use tf.nn.batch_normalization().
W tensorflow/core/kernels/batch_norm_op.cc:36] Op is deprecated. It will cease to work in GraphDef version 9. Use tf.nn.batch_normalization().
W tensorflow/core/kernels/batch_norm_op.cc:36] Op is deprecated. It will cease to work in GraphDef version 9. Use tf.nn.batch_normalization().
W tensorflow/core/kernels/batch_norm_op.cc:36] Op is deprecated. It will cease to work in GraphDef version 9. Use tf.nn.batch_normalization().
W tensorflow/core/kernels/batch_norm_op.cc:36] Op is deprecated. It will cease to work in GraphDef version 9. Use tf.nn.batch_normalization().
W tensorflow/core/kernels/batch_norm_op.cc:36] Op is deprecated. It will cease to work in GraphDef version 9. Use tf.nn.batch_normalization().
W tensorflow/core/kernels/batch_norm_op.cc:36] Op is deprecated. It will cease to work in GraphDef version 9. Use tf.nn.batch_normalization().
W tensorflow/core/kernels/batch_norm_op.cc:36] Op is deprecated. It will cease to work in GraphDef version 9. Use tf.nn.batch_normalization().
W tensorflow/core/kernels/batch_norm_op.cc:36] Op is deprecated. It will cease to work in GraphDef version 9. Use tf.nn.batch_normalization().
W tensorflow/core/kernels/batch_norm_op.cc:36] Op is deprecated. It will cease to work in GraphDef version 9. Use tf.nn.batch_normalization().
W tensorflow/core/kernels/batch_norm_op.cc:36] Op is deprecated. It will cease to work in GraphDef version 9. Use tf.nn.batch_normalization().
W tensorflow/core/kernels/batch_norm_op.cc:36] Op is deprecated. It will cease to work in GraphDef version 9. Use tf.nn.batch_normalization().
W tensorflow/core/kernels/batch_norm_op.cc:36] Op is deprecated. It will cease to work in GraphDef version 9. Use tf.nn.batch_normalization().
W tensorflow/core/kernels/batch_norm_op.cc:36] Op is deprecated. It will cease to work in GraphDef version 9. Use tf.nn.batch_normalization().
W tensorflow/core/kernels/batch_norm_op.cc:36] Op is deprecated. It will cease to work in GraphDef version 9. Use tf.nn.batch_normalization().
W tensorflow/core/kernels/batch_norm_op.cc:36] Op is deprecated. It will cease to work in GraphDef version 9. Use tf.nn.batch_normalization().
W tensorflow/core/kernels/batch_norm_op.cc:36] Op is deprecated. It will cease to work in GraphDef version 9. Use tf.nn.batch_normalization().
W tensorflow/core/kernels/batch_norm_op.cc:36] Op is deprecated. It will cease to work in GraphDef version 9. Use tf.nn.batch_normalization().
W tensorflow/core/kernels/batch_norm_op.cc:36] Op is deprecated. It will cease to work in GraphDef version 9. Use tf.nn.batch_normalization().
W tensorflow/core/kernels/batch_norm_op.cc:36] Op is deprecated. It will cease to work in GraphDef version 9. Use tf.nn.batch_normalization().
W tensorflow/core/kernels/batch_norm_op.cc:36] Op is deprecated. It will cease to work in GraphDef version 9. Use tf.nn.batch_normalization().
W tensorflow/core/kernels/batch_norm_op.cc:36] Op is deprecated. It will cease to work in GraphDef version 9. Use tf.nn.batch_normalization().
W tensorflow/core/kernels/batch_norm_op.cc:36] Op is deprecated. It will cease to work in GraphDef version 9. Use tf.nn.batch_normalization().
W tensorflow/core/kernels/batch_norm_op.cc:36] Op is deprecated. It will cease to work in GraphDef version 9. Use tf.nn.batch_normalization().
W tensorflow/core/kernels/batch_norm_op.cc:36] Op is deprecated. It will cease to work in GraphDef version 9. Use tf.nn.batch_normalization().
W tensorflow/core/kernels/batch_norm_op.cc:36] Op is deprecated. It will cease to work in GraphDef version 9. Use tf.nn.batch_normalization().
W tensorflow/core/kernels/batch_norm_op.cc:36] Op is deprecated. It will cease to work in GraphDef version 9. Use tf.nn.batch_normalization().
W tensorflow/core/kernels/batch_norm_op.cc:36] Op is deprecated. It will cease to work in GraphDef version 9. Use tf.nn.batch_normalization().
W tensorflow/core/kernels/batch_norm_op.cc:36] Op is deprecated. It will cease to work in GraphDef version 9. Use tf.nn.batch_normalization().
W tensorflow/core/kernels/batch_norm_op.cc:36] Op is deprecated. It will cease to work in GraphDef version 9. Use tf.nn.batch_normalization().
W tensorflow/core/kernels/batch_norm_op.cc:36] Op is deprecated. It will cease to work in GraphDef version 9. Use tf.nn.batch_normalization().
W tensorflow/core/kernels/batch_norm_op.cc:36] Op is deprecated. It will cease to work in GraphDef version 9. Use tf.nn.batch_normalization().
W tensorflow/core/kernels/batch_norm_op.cc:36] Op is deprecated. It will cease to work in GraphDef version 9. Use tf.nn.batch_normalization().
W tensorflow/core/kernels/batch_norm_op.cc:36] Op is deprecated. It will cease to work in GraphDef version 9. Use tf.nn.batch_normalization().
W tensorflow/core/kernels/batch_norm_op.cc:36] Op is deprecated. It will cease to work in GraphDef version 9. Use tf.nn.batch_normalization().
I tensorflow/examples/label_image/main.cc:207] person (1): 0.988336
I tensorflow/examples/label_image/main.cc:207] outdoor (0): 0.00412763
I tensorflow/examples/label_image/main.cc:207] garage (5): 0.0025869
I tensorflow/examples/label_image/main.cc:207] dog (3): 0.0022934
I tensorflow/examples/label_image/main.cc:207] cat (4): 0.00191769